[2026-04-10T09:08:44Z] === ENRICH ITERATION 3 START | repo=typescript-eslint/typescript-eslint sha=5311ed31 ===
[2026-04-10T09:08:44Z] [iter=3] PHASE START: enrich repo=typescript-eslint/typescript-eslint sha=5311ed31 runlog=/home/runner/work/forx/forx/storage/aggregate/lsp/logs/5311ed31-enrich-iter-003.log output=/home/runner/work/forx/forx/storage/aggregate/lsp/5311ed312eadf4e238324f2726ae0b1f3f2206e6.nq.gz
[2026-04-10T09:09:28Z] [iter=3] Step 1: Loading AST into disk-backed store mem_mb=84 MB
[2026-04-10T09:10:16Z] [iter=3] AST store loaded triples=5072944 load_secs=46 mem_mb=1179 MB
[2026-04-10T09:10:16Z] [iter=3] Step 2: Finding LSP targets mem_mb=1179 MB
[2026-04-10T09:10:20Z] [iter=3] LSP targets found call_sites=22746 imports=5095 extends=420 implements=14 secs=3
[2026-04-10T09:10:24Z] [iter=3] Loaded checkpoint partial graph triples=87633
[2026-04-10T09:10:26Z] [iter=3] Step 2.7: Building position index (one-shot, shared across resolvers) mem_mb=1179 MB
[2026-04-10T09:10:58Z] [iter=3] Position index built positions=373916 nodes_with_types=409894 secs=32 mem_mb=1186 MB
[2026-04-10T09:10:58Z] [iter=3] Step 3: Starting LSP resolution mem_mb=1186 MB already_completed_types=[] already_completed_files=632
[2026-04-10T09:10:58Z] [iter=3] Resolving target type target_type=call_site count=22746
[2026-04-10T09:10:58Z] [iter=3] HEARTBEAT target_type=call_site elapsed_min=2.2 files_done=0 resolved=0 errors=0 current=packages/ast-spec/src/expression/TaggedTemplateExpression/fixtures/_error_/optional-nested-function-tag/fixture.ts
[2026-04-10T09:11:29Z] [iter=3] HEARTBEAT target_type=call_site elapsed_min=2.8 files_done=6 resolved=1 errors=14 current=packages/eslint-plugin/tests/rules/no-base-to-string.test.ts
[2026-04-10T09:12:30Z] [iter=3] HEARTBEAT target_type=call_site elapsed_min=3.8 files_done=13 resolved=3 errors=42 current=packages/eslint-plugin/tests/rules/no-array-delete.test.ts
[2026-04-10T09:13:01Z] [iter=3] HEARTBEAT target_type=call_site elapsed_min=4.3 files_done=18 resolved=4 errors=57 current=packages/website/src/components/typeDetails/TypeInfo.tsx
[2026-04-10T09:13:33Z] [iter=3] HEARTBEAT target_type=call_site elapsed_min=4.8 files_done=24 resolved=4 errors=72 current=packages/eslint-plugin/tests/rules/no-empty-object-type.test.ts
[2026-04-10T09:14:09Z] [iter=3] HEARTBEAT target_type=call_site elapsed_min=5.4 files_done=30 resolved=10 errors=89 current=packages/eslint-plugin/tests/rules/no-unsafe-assignment.test.ts
[2026-04-10T09:14:40Z] [iter=3] HEARTBEAT target_type=call_site elapsed_min=5.9 files_done=34 resolved=10 errors=104 current=packages/ast-spec/src/legacy-fixtures/types/fixtures/this-type-expanded/fixture.ts
[2026-04-10T09:15:14Z] [iter=3] HEARTBEAT target_type=call_site elapsed_min=6.5 files_done=44 resolved=10 errors=120 current=packages/eslint-plugin/src/rules/no-wrapper-object-types.ts
[2026-04-10T09:15:48Z] [iter=3] HEARTBEAT target_type=call_site elapsed_min=7.1 files_done=51 resolved=13 errors=136 current=packages/eslint-plugin/tests/rules/init-declarations.test.ts
[2026-04-10T09:16:25Z] [iter=3] HEARTBEAT target_type=call_site elapsed_min=7.7 files_done=57 resolved=14 errors=154 current=packages/typescript-estree/src/getModifiers.ts
[2026-04-10T09:17:15Z] [iter=3] HEARTBEAT target_type=call_site elapsed_min=8.5 files_done=64 resolved=15 errors=178 current=packages/eslint-plugin-internal/tests/rules/prefer-ast-types-enum.test.ts
[2026-04-10T09:17:50Z] [iter=3] HEARTBEAT target_type=call_site elapsed_min=9.1 files_done=75 resolved=22 errors=195 current=packages/scope-manager/src/scope/ConditionalTypeScope.ts
[2026-04-10T09:18:22Z] [iter=3] HEARTBEAT target_type=call_site elapsed_min=9.6 files_done=92 resolved=23 errors=210 current=packages/integration-tests/vitest.config.mts
[2026-04-10T09:18:53Z] [iter=3] HEARTBEAT target_type=call_site elapsed_min=10.2 files_done=103 resolved=24 errors=225 current=packages/eslint-plugin-internal/tests/rules/eqeq-nullish.test.ts
[2026-04-10T09:19:25Z] [iter=3] HEARTBEAT target_type=call_site elapsed_min=10.7 files_done=120 resolved=28 errors=240 current=packages/eslint-plugin/tests/rules/no-inferrable-types.test.ts
[2026-04-10T09:19:58Z] [iter=3] HEARTBEAT target_type=call_site elapsed_min=11.2 files_done=131 resolved=31 errors=256 current=packages/eslint-plugin/tests/rules/no-redundant-type-constituents.test.ts
[2026-04-10T09:20:30Z] [iter=3] HEARTBEAT target_type=call_site elapsed_min=11.8 files_done=143 resolved=35 errors=269 current=packages/ast-spec/src/declaration/TSDeclareFunction/fixtures/_error_/non-identifier-name/fixture.ts
[2026-04-10T09:21:01Z] [iter=3] HEARTBEAT target_type=call_site elapsed_min=12.3 files_done=161 resolved=36 errors=284 current=packages/eslint-plugin-internal/tests/rules/no-typescript-estree.test.ts
[2026-04-10T09:21:33Z] [iter=3] HEARTBEAT target_type=call_site elapsed_min=12.8 files_done=175 resolved=36 errors=299 current=packages/website/src/components/inputs/Tooltip.tsx
[2026-04-10T09:22:09Z] [iter=3] HEARTBEAT target_type=call_site elapsed_min=13.4 files_done=196 resolved=37 errors=316 current=packages/integration-tests/tests/recommended-does-not-require-program.test.ts
[2026-04-10T09:22:40Z] [iter=3] HEARTBEAT target_type=call_site elapsed_min=13.9 files_done=207 resolved=38 errors=331 current=packages/scope-manager/src/definition/TSEnumNameDefinition.ts
[2026-04-10T09:23:14Z] [iter=3] HEARTBEAT target_type=call_site elapsed_min=14.5 files_done=222 resolved=38 errors=347 current=packages/eslint-plugin/tests/rules/consistent-return.test.ts
[2026-04-10T09:23:46Z] [iter=3] HEARTBEAT target_type=call_site elapsed_min=15.0 files_done=246 resolved=39 errors=360 current=packages/eslint-plugin/src/configs/eslintrc/eslint-recommended.ts
[2026-04-10T09:25:34Z] [iter=3] HEARTBEAT target_type=call_site elapsed_min=16.8 files_done=264 resolved=44 errors=411 current=packages/integration-tests/fixtures/flat-config-types-@types__eslint-v8/eslint.config.js
[2026-04-10T09:26:37Z] [iter=3] HEARTBEAT target_type=call_site elapsed_min=17.9 files_done=266 resolved=44 errors=441 current=packages/website-eslint/src/mock/assert.js
[2026-04-10T09:27:14Z] [iter=3] HEARTBEAT target_type=call_site elapsed_min=18.5 files_done=269 resolved=46 errors=458 current=packages/parser/tests/fixtures/basics/new-without-parens.src.js
[2026-04-10T09:27:46Z] [iter=3] HEARTBEAT target_type=call_site elapsed_min=19.0 files_done=279 resolved=51 errors=470 current=packages/website/sidebars/sidebar.rules.js
[2026-04-10T09:28:11Z] [iter=3] Target type resolved target_type=call_site resolved=53 errors=480 secs=1034 mem_mb=1200 MB
[2026-04-10T09:28:11Z] [iter=3] Resolving target type target_type=import_statement count=5095
[2026-04-10T09:28:17Z] [iter=3] HEARTBEAT target_type=import_statement elapsed_min=19.6 files_done=58 resolved=711 errors=0 current=packages/ast-spec/src/unions/Statement.ts
[2026-04-10T09:28:33Z] [iter=3] CHECKPOINT TRIGGERED elapsed_min=19.8 files_completed=1132 new_files_this_iter=500 mem_mb=1209 MB
[2026-04-10T09:28:33Z] [iter=3] Writing partial enrichment graph path=/home/runner/work/forx/forx/storage/aggregate/lsp/5311ed312eadf4e238324f2726ae0b1f3f2206e6.nq.gz triples=99630
[2026-04-10T09:28:35Z] [iter=3] Checkpoint written, exiting with code 7
[2026-04-10T09:28:35Z] [iter=3] PHASE END: enrich (checkpointed) elapsed_s=1190 elapsed_min=19.8 files_completed=1132
