[2026-04-10T01:42:58Z] === ENRICH ITERATION 1 START | repo=typescript-eslint/typescript-eslint sha=5311ed31 ===
[2026-04-10T01:42:58Z] [iter=1] PHASE START: enrich repo=typescript-eslint/typescript-eslint sha=5311ed31 runlog=/home/runner/work/forx/forx/storage/aggregate/lsp/logs/5311ed31-enrich-iter-001.log output=/home/runner/work/forx/forx/storage/aggregate/lsp/5311ed312eadf4e238324f2726ae0b1f3f2206e6.nq.gz
[2026-04-10T01:43:28Z] [iter=1] Step 1: Loading AST into disk-backed store mem_mb=84 MB
[2026-04-10T01:44:14Z] [iter=1] AST store loaded triples=5072944 load_secs=44 mem_mb=1181 MB
[2026-04-10T01:44:14Z] [iter=1] Step 2: Finding LSP targets mem_mb=1181 MB
[2026-04-10T01:44:17Z] [iter=1] LSP targets found call_sites=22746 imports=5095 extends=420 implements=14 secs=3
[2026-04-10T01:44:20Z] [iter=1] Step 2.7: Building position index (one-shot, shared across resolvers) mem_mb=1181 MB
[2026-04-10T01:44:47Z] [iter=1] Position index built positions=373916 nodes_with_types=409894 secs=27 mem_mb=1181 MB
[2026-04-10T01:44:47Z] [iter=1] Step 3: Starting LSP resolution mem_mb=1181 MB already_completed_types=[] already_completed_files=0
[2026-04-10T01:44:47Z] [iter=1] Resolving target type target_type=call_site count=22746
[2026-04-10T01:44:47Z] [iter=1] HEARTBEAT target_type=call_site elapsed_min=1.8 files_done=0 resolved=0 errors=0 current=packages/eslint-plugin/src/rules/return-await.ts
[2026-04-10T01:46:28Z] [iter=1] HEARTBEAT target_type=call_site elapsed_min=3.5 files_done=1 resolved=1 errors=47 current=packages/scope-manager/src/referencer/TypeVisitor.ts
[2026-04-10T01:48:49Z] [iter=1] HEARTBEAT target_type=call_site elapsed_min=5.9 files_done=2 resolved=1 errors=114 current=packages/scope-manager/tests/eslint-scope/add-globals.test.ts
[2026-04-10T01:49:53Z] [iter=1] HEARTBEAT target_type=call_site elapsed_min=6.9 files_done=3 resolved=1 errors=144 current=packages/scope-manager/tests/eslint-scope/es6-iteration-scope.test.ts
[2026-04-10T01:50:32Z] [iter=1] HEARTBEAT target_type=call_site elapsed_min=7.6 files_done=4 resolved=1 errors=163 current=packages/scope-manager/tests/lib.test.ts
[2026-04-10T01:51:14Z] [iter=1] HEARTBEAT target_type=call_site elapsed_min=8.3 files_done=5 resolved=1 errors=183 current=packages/eslint-plugin/src/rules/class-methods-use-this.ts
[2026-04-10T01:52:05Z] [iter=1] HEARTBEAT target_type=call_site elapsed_min=9.1 files_done=6 resolved=1 errors=208 current=packages/eslint-plugin/tests/rules/no-unused-vars/no-unused-vars-eslint.test.ts
[2026-04-10T01:57:26Z] [iter=1] HEARTBEAT target_type=call_site elapsed_min=14.5 files_done=7 resolved=1 errors=364 current=packages/typescript-estree/src/check-modifiers.ts
[2026-04-10T01:59:31Z] [iter=1] HEARTBEAT target_type=call_site elapsed_min=16.5 files_done=8 resolved=5 errors=425 current=packages/scope-manager/tests/types/variable-definition.test.ts
[2026-04-10T02:00:04Z] [iter=1] HEARTBEAT target_type=call_site elapsed_min=17.1 files_done=9 resolved=5 errors=441 current=packages/eslint-plugin-internal/src/rules/no-multiple-lines-of-errors.ts
[2026-04-10T02:04:14Z] [iter=1] HEARTBEAT target_type=call_site elapsed_min=21.3 files_done=12 resolved=5 errors=562 current=packages/rule-tester/tests/RuleTester.test.ts
[2026-04-10T02:07:58Z] [iter=1] HEARTBEAT target_type=call_site elapsed_min=25.0 files_done=13 resolved=5 errors=671 current=packages/utils/tests/eslint-utils/nullThrows.test.ts
[2026-04-10T02:10:02Z] [iter=1] HEARTBEAT target_type=call_site elapsed_min=27.1 files_done=15 resolved=5 errors=731 current=packages/type-utils/src/isTypeReadonly.ts
[2026-04-10T02:12:08Z] [iter=1] HEARTBEAT target_type=call_site elapsed_min=29.2 files_done=16 resolved=7 errors=792 current=packages/eslint-plugin/src/rules/no-empty-object-type.ts
[2026-04-10T02:12:47Z] [iter=1] HEARTBEAT target_type=call_site elapsed_min=29.8 files_done=17 resolved=7 errors=811 current=packages/typescript-estree/src/create-program/describeFilePath.ts
[2026-04-10T02:37:10Z] [iter=1] HEARTBEAT target_type=call_site elapsed_min=54.2 files_done=19 resolved=18 errors=1522 current=packages/type-utils/src/isSymbolFromDefaultLibrary.ts
[2026-04-10T02:43:06Z] [iter=1] HEARTBEAT target_type=call_site elapsed_min=60.1 files_done=22 resolved=18 errors=1694 current=packages/typescript-estree/tests/lib/semanticInfo.test.ts
[2026-04-10T02:46:54Z] [iter=1] HEARTBEAT target_type=call_site elapsed_min=63.9 files_done=23 resolved=19 errors=1804 current=packages/scope-manager/tests/eslint-scope/es6-destructuring-assignments.test.ts
[2026-04-10T02:53:21Z] [iter=1] HEARTBEAT target_type=call_site elapsed_min=70.4 files_done=24 resolved=19 errors=1989 current=packages/eslint-plugin/src/rules/ban-ts-comment.ts
[2026-04-10T02:54:12Z] [iter=1] HEARTBEAT target_type=call_site elapsed_min=71.2 files_done=25 resolved=19 errors=2014 current=packages/scope-manager/tests/eslint-scope/es6-import.test.ts
[2026-04-10T02:54:43Z] [iter=1] HEARTBEAT target_type=call_site elapsed_min=71.8 files_done=26 resolved=19 errors=2029 current=packages/type-utils/tests/containsAllTypesByName.test.ts
[2026-04-10T02:58:01Z] [iter=1] HEARTBEAT target_type=call_site elapsed_min=75.1 files_done=28 resolved=19 errors=2125 current=packages/rule-tester/src/RuleTester.ts
[2026-04-10T03:05:46Z] [iter=1] HEARTBEAT target_type=call_site elapsed_min=82.8 files_done=29 resolved=34 errors=2351 current=packages/eslint-plugin/tests/index.test.ts
[2026-04-10T03:06:23Z] [iter=1] HEARTBEAT target_type=call_site elapsed_min=83.4 files_done=31 resolved=37 errors=2369 current=packages/eslint-plugin/src/rules/naming-convention.ts
[2026-04-10T03:10:17Z] [iter=1] HEARTBEAT target_type=call_site elapsed_min=87.3 files_done=32 resolved=43 errors=2483 current=packages/scope-manager/src/referencer/ExportVisitor.ts
[2026-04-10T03:13:36Z] [iter=1] HEARTBEAT target_type=call_site elapsed_min=90.6 files_done=34 resolved=43 errors=2580 current=packages/scope-manager/tests/eslint-scope/es6-export.test.ts
[2026-04-10T03:14:35Z] [iter=1] HEARTBEAT target_type=call_site elapsed_min=91.6 files_done=35 resolved=43 errors=2609 current=packages/eslint-plugin/src/rules/consistent-return.ts
[2026-04-10T03:15:35Z] [iter=1] HEARTBEAT target_type=call_site elapsed_min=92.6 files_done=36 resolved=43 errors=2638 current=packages/eslint-plugin/src/rules/no-non-null-asserted-nullish-coalescing.ts
[2026-04-10T03:16:47Z] [iter=1] HEARTBEAT target_type=call_site elapsed_min=93.8 files_done=38 resolved=43 errors=2673 current=packages/eslint-plugin/src/rules/no-unsafe-argument.ts
[2026-04-10T03:18:29Z] [iter=1] HEARTBEAT target_type=call_site elapsed_min=95.5 files_done=39 resolved=43 errors=2723 current=packages/eslint-plugin/src/rules/prefer-literal-enum-member.ts
[2026-04-10T03:19:02Z] [iter=1] HEARTBEAT target_type=call_site elapsed_min=96.1 files_done=40 resolved=43 errors=2739 current=packages/rule-tester/src/utils/flat-config-schema.ts
[2026-04-10T03:19:59Z] [iter=1] HEARTBEAT target_type=call_site elapsed_min=97.0 files_done=41 resolved=62 errors=2767 current=packages/typescript-estree/tests/lib/persistentParse.test.ts
[2026-04-10T03:23:38Z] [iter=1] HEARTBEAT target_type=call_site elapsed_min=100.7 files_done=42 resolved=63 errors=2874 current=packages/eslint-plugin/src/rules/no-misused-promises.ts
[2026-04-10T03:29:10Z] [iter=1] HEARTBEAT target_type=call_site elapsed_min=106.2 files_done=43 resolved=63 errors=3036 current=packages/eslint-plugin/src/rules/no-unnecessary-type-parameters.ts
[2026-04-10T03:32:49Z] [iter=1] HEARTBEAT target_type=call_site elapsed_min=109.8 files_done=44 resolved=63 errors=3143 current=packages/eslint-plugin/src/rules/no-unnecessary-template-expression.ts
[2026-04-10T03:36:06Z] [iter=1] HEARTBEAT target_type=call_site elapsed_min=113.1 files_done=45 resolved=65 errors=3239 current=packages/website/src/components/linter/createLinter.ts
[2026-04-10T03:37:34Z] [iter=1] HEARTBEAT target_type=call_site elapsed_min=114.6 files_done=46 resolved=76 errors=3281 current=packages/scope-manager/tests/eslint-scope/class-fields.test.ts
[2026-04-10T03:38:19Z] [iter=1] HEARTBEAT target_type=call_site elapsed_min=115.3 files_done=48 resolved=76 errors=3303 current=packages/eslint-plugin/src/rules/no-base-to-string.ts
[2026-04-10T03:41:19Z] [iter=1] HEARTBEAT target_type=call_site elapsed_min=118.3 files_done=49 resolved=76 errors=3391 current=packages/scope-manager/src/scope/BlockScope.ts
[2026-04-10T03:43:17Z] [iter=1] HEARTBEAT target_type=call_site elapsed_min=120.3 files_done=51 resolved=76 errors=3449 current=packages/scope-manager/tests/eslint-scope/es6-default-parameters.test.ts
[2026-04-10T03:48:50Z] [iter=1] HEARTBEAT target_type=call_site elapsed_min=125.9 files_done=52 resolved=76 errors=3612 current=packages/typescript-estree/src/create-program/getWatchProgramsForProjects.ts
[2026-04-10T03:52:29Z] [iter=1] HEARTBEAT target_type=call_site elapsed_min=129.5 files_done=53 resolved=77 errors=3719 current=packages/type-utils/tests/isUnsafeAssignment.test.ts
[2026-04-10T03:53:05Z] [iter=1] HEARTBEAT target_type=call_site elapsed_min=130.1 files_done=55 resolved=77 errors=3737 current=packages/eslint-plugin/src/rules/no-useless-constructor.ts
[2026-04-10T03:54:03Z] [iter=1] HEARTBEAT target_type=call_site elapsed_min=131.1 files_done=57 resolved=77 errors=3765 current=packages/type-utils/tests/discriminateAnyType.test.ts
[2026-04-10T03:54:56Z] [iter=1] HEARTBEAT target_type=call_site elapsed_min=132.0 files_done=58 resolved=77 errors=3791 current=packages/website/src/pages/play.tsx
[2026-04-10T03:58:18Z] [iter=1] HEARTBEAT target_type=call_site elapsed_min=135.3 files_done=61 resolved=85 errors=3889 current=packages/scope-manager/tests/eslint-scope/references.test.ts
[2026-04-10T04:02:34Z] [iter=1] HEARTBEAT target_type=call_site elapsed_min=139.6 files_done=62 resolved=85 errors=4014 current=packages/eslint-plugin/src/rules/no-deprecated.ts
[2026-04-10T04:04:45Z] [iter=1] HEARTBEAT target_type=call_site elapsed_min=141.8 files_done=63 resolved=86 errors=4078 current=packages/eslint-plugin-internal/src/rules/no-poorly-typed-ts-props.ts
[2026-04-10T04:08:51Z] [iter=1] HEARTBEAT target_type=call_site elapsed_min=145.9 files_done=65 resolved=88 errors=4198 current=packages/eslint-plugin/src/rules/require-await.ts
[2026-04-10T04:10:17Z] [iter=1] HEARTBEAT target_type=call_site elapsed_min=147.3 files_done=66 resolved=88 errors=4240 current=packages/typescript-estree/tests/lib/parse.test.ts
[2026-04-10T04:14:49Z] [iter=1] HEARTBEAT target_type=call_site elapsed_min=151.9 files_done=67 resolved=88 errors=4372 current=packages/website/src/components/inputs/Dropdown.tsx
[2026-04-10T04:15:36Z] [iter=1] HEARTBEAT target_type=call_site elapsed_min=152.6 files_done=69 resolved=90 errors=4395 current=packages/eslint-plugin/src/rules/await-thenable.ts
[2026-04-10T04:17:48Z] [iter=1] HEARTBEAT target_type=call_site elapsed_min=154.8 files_done=70 resolved=90 errors=4459 current=packages/scope-manager/tests/eslint-scope/es6-block-scope.test.ts
[2026-04-10T04:18:19Z] [iter=1] HEARTBEAT target_type=call_site elapsed_min=155.3 files_done=71 resolved=90 errors=4474 current=packages/eslint-plugin/tests/rules/consistent-type-imports.test.ts
[2026-04-10T04:21:45Z] [iter=1] HEARTBEAT target_type=call_site elapsed_min=158.8 files_done=73 resolved=92 errors=4574 current=packages/eslint-plugin/src/rules/restrict-plus-operands.ts
[2026-04-10T04:23:10Z] [iter=1] HEARTBEAT target_type=call_site elapsed_min=160.2 files_done=74 resolved=92 errors=4615 current=packages/scope-manager/tests/types/reference-type.test.ts
[2026-04-10T04:24:36Z] [iter=1] HEARTBEAT target_type=call_site elapsed_min=161.6 files_done=75 resolved=92 errors=4657 current=packages/scope-manager/tests/test-utils/custom-matchers/custom-matchers.ts
[2026-04-10T04:25:37Z] [iter=1] HEARTBEAT target_type=call_site elapsed_min=162.7 files_done=76 resolved=96 errors=4687 current=packages/type-utils/src/isTypeBrandedLiteralLike.ts
[2026-04-10T04:28:42Z] [iter=1] HEARTBEAT target_type=call_site elapsed_min=165.7 files_done=78 resolved=97 errors=4777 current=packages/eslint-plugin/src/rules/no-unnecessary-parameter-property-assignment.ts
[2026-04-10T04:30:00Z] [iter=1] HEARTBEAT target_type=call_site elapsed_min=167.0 files_done=79 resolved=97 errors=4815 current=packages/rule-tester/src/utils/SourceCodeFixer.ts
[2026-04-10T04:31:28Z] [iter=1] HEARTBEAT target_type=call_site elapsed_min=168.5 files_done=81 resolved=100 errors=4858 current=packages/eslint-plugin/tests/util/getWrappedCode.test.ts
[2026-04-10T04:32:26Z] [iter=1] HEARTBEAT target_type=call_site elapsed_min=169.5 files_done=83 resolved=104 errors=4886 current=packages/eslint-plugin-internal/src/rules/plugin-test-formatting.ts
[2026-04-10T04:35:21Z] [iter=1] HEARTBEAT target_type=call_site elapsed_min=172.4 files_done=84 resolved=104 errors=4971 current=packages/scope-manager/tests/fixtures/type-declaration/import-type-with-qualifier.ts
[2026-04-10T04:41:52Z] [iter=1] HEARTBEAT target_type=call_site elapsed_min=178.9 files_done=86 resolved=104 errors=5160 current=packages/eslint-plugin/src/rules/member-ordering.ts
[2026-04-10T04:44:59Z] [iter=1] HEARTBEAT target_type=call_site elapsed_min=182.0 files_done=87 resolved=110 errors=5251 current=packages/eslint-plugin/src/rules/prefer-optional-chain-utils/gatherLogicalOperands.ts
[2026-04-10T04:46:37Z] [iter=1] HEARTBEAT target_type=call_site elapsed_min=183.7 files_done=88 resolved=110 errors=5299 current=packages/ast-spec/src/legacy-fixtures/basics/fixtures/optional-chain-call-with-parens/fixture.ts
[2026-04-10T04:47:57Z] [iter=1] HEARTBEAT target_type=call_site elapsed_min=185.0 files_done=91 resolved=114 errors=5338 current=packages/typescript-estree/tests/lib/convert.test.ts
[2026-04-10T04:50:55Z] [iter=1] HEARTBEAT target_type=call_site elapsed_min=188.0 files_done=92 resolved=120 errors=5425 current=packages/scope-manager/tests/eslint-scope/catch-scope.test.ts
[2026-04-10T04:54:53Z] [iter=1] HEARTBEAT target_type=call_site elapsed_min=191.9 files_done=94 resolved=123 errors=5541 current=packages/rule-tester/src/utils/severity.ts
[2026-04-10T04:55:49Z] [iter=1] HEARTBEAT target_type=call_site elapsed_min=192.8 files_done=96 resolved=126 errors=5568 current=packages/typescript-estree/tests/lib/semanticInfo-singleRun.test.ts
[2026-04-10T04:56:50Z] [iter=1] HEARTBEAT target_type=call_site elapsed_min=193.9 files_done=97 resolved=126 errors=5598 current=packages/typescript-estree/tests/lib/createParseSettings.test.ts
[2026-04-10T04:57:29Z] [iter=1] HEARTBEAT target_type=call_site elapsed_min=194.5 files_done=98 resolved=126 errors=5617 current=packages/eslint-plugin/src/rules/prefer-readonly.ts
[2026-04-10T05:01:14Z] [iter=1] HEARTBEAT target_type=call_site elapsed_min=198.3 files_done=99 resolved=126 errors=5727 current=packages/type-utils/src/getConstrainedTypeAtLocation.ts
[2026-04-10T05:03:15Z] [iter=1] HEARTBEAT target_type=call_site elapsed_min=200.3 files_done=101 resolved=126 errors=5786 current=packages/eslint-plugin/src/rules/no-redundant-type-constituents.ts
[2026-04-10T05:05:20Z] [iter=1] HEARTBEAT target_type=call_site elapsed_min=202.4 files_done=102 resolved=129 errors=5847 current=packages/eslint-plugin/src/rules/no-duplicate-type-constituents.ts
[2026-04-10T05:06:43Z] [iter=1] HEARTBEAT target_type=call_site elapsed_min=203.7 files_done=103 resolved=136 errors=5887 current=packages/eslint-plugin/src/rules/prefer-nullish-coalescing.ts
[2026-04-10T05:10:12Z] [iter=1] HEARTBEAT target_type=call_site elapsed_min=207.2 files_done=104 resolved=136 errors=5985 current=packages/scope-manager/tests/eslint-scope/implicit-global-reference.test.ts
[2026-04-10T05:12:05Z] [iter=1] HEARTBEAT target_type=call_site elapsed_min=209.1 files_done=105 resolved=136 errors=6034 current=packages/eslint-plugin/src/util/class-scope-analyzer/extractComputedName.ts
[2026-04-10T05:14:37Z] [iter=1] HEARTBEAT target_type=call_site elapsed_min=211.6 files_done=107 resolved=163 errors=6108 current=packages/eslint-plugin/src/rules/no-unused-vars.ts
[2026-04-10T05:19:00Z] [iter=1] HEARTBEAT target_type=call_site elapsed_min=216.0 files_done=108 resolved=169 errors=6234 current=packages/eslint-plugin/src/rules/no-unsafe-assignment.ts
[2026-04-10T05:21:31Z] [iter=1] HEARTBEAT target_type=call_site elapsed_min=218.6 files_done=109 resolved=171 errors=6306 current=packages/eslint-plugin/src/rules/no-unused-private-class-members.ts
[2026-04-10T05:23:52Z] [iter=1] HEARTBEAT target_type=call_site elapsed_min=220.9 files_done=111 resolved=171 errors=6374 current=packages/eslint-plugin/src/rules/no-empty-function.ts
[2026-04-10T05:24:27Z] [iter=1] HEARTBEAT target_type=call_site elapsed_min=221.5 files_done=112 resolved=172 errors=6391 current=packages/eslint-plugin/tests/rules/no-misused-spread.test.ts
[2026-04-10T05:27:50Z] [iter=1] HEARTBEAT target_type=call_site elapsed_min=224.9 files_done=116 resolved=172 errors=6490 current=packages/rule-schema-to-typescript-types/src/generateArrayType.ts
[2026-04-10T05:28:26Z] [iter=1] HEARTBEAT target_type=call_site elapsed_min=225.5 files_done=117 resolved=172 errors=6507 current=packages/website-eslint/build.mts
[2026-04-10T05:30:06Z] [iter=1] HEARTBEAT target_type=call_site elapsed_min=227.1 files_done=118 resolved=175 errors=6556 current=packages/typescript-estree/src/node-utils.ts
[2026-04-10T05:32:35Z] [iter=1] HEARTBEAT target_type=call_site elapsed_min=229.6 files_done=119 resolved=180 errors=6628 current=packages/eslint-plugin/tests/configs.test.ts
[2026-04-10T05:34:45Z] [iter=1] HEARTBEAT target_type=call_site elapsed_min=231.8 files_done=120 resolved=199 errors=6691 current=packages/eslint-plugin/src/rules/no-duplicate-enum-values.ts
[2026-04-10T05:36:33Z] [iter=1] HEARTBEAT target_type=call_site elapsed_min=233.6 files_done=122 resolved=202 errors=6744 current=packages/typescript-estree/tests/lib/getProjectConfigFiles.test.ts
[2026-04-10T05:37:27Z] [iter=1] HEARTBEAT target_type=call_site elapsed_min=234.5 files_done=123 resolved=202 errors=6770 current=packages/project-service/tests/createProjectService.test.ts
[2026-04-10T05:39:06Z] [iter=1] HEARTBEAT target_type=call_site elapsed_min=236.1 files_done=124 resolved=202 errors=6818 current=packages/website/src/components/ast/utils.ts
[2026-04-10T05:40:11Z] [iter=1] HEARTBEAT target_type=call_site elapsed_min=237.2 files_done=125 resolved=219 errors=6850 current=packages/scope-manager/tests/test-utils/serializers/TSESTreeNode.ts
[2026-04-10T05:41:21Z] [iter=1] HEARTBEAT target_type=call_site elapsed_min=238.4 files_done=129 resolved=225 errors=6883 current=packages/type-utils/tests/requiresQuoting.test.ts
[2026-04-10T05:41:53Z] [iter=1] HEARTBEAT target_type=call_site elapsed_min=238.9 files_done=131 resolved=248 errors=6899 current=packages/scope-manager/tests/eslint-scope/get-declared-variables.test.ts
[2026-04-10T05:43:01Z] [iter=1] CHECKPOINT TRIGGERED elapsed_min=240.1 files_completed=132 new_files_this_iter=132 mem_mb=1190 MB
[2026-04-10T05:43:01Z] [iter=1] Writing partial enrichment graph path=/home/runner/work/forx/forx/storage/aggregate/lsp/5311ed312eadf4e238324f2726ae0b1f3f2206e6.nq.gz triples=48911
[2026-04-10T05:43:02Z] [iter=1] Checkpoint written, exiting with code 7
[2026-04-10T05:43:02Z] [iter=1] PHASE END: enrich (checkpointed) elapsed_s=14403 elapsed_min=240.1 files_completed=132
