[2026-04-10T09:38:11Z] === ENRICH ITERATION 4 START | repo=typescript-eslint/typescript-eslint sha=5311ed31 ===
[2026-04-10T09:38:11Z] [iter=4] PHASE START: enrich repo=typescript-eslint/typescript-eslint sha=5311ed31 runlog=/home/runner/work/forx/forx/storage/aggregate/lsp/logs/5311ed31-enrich-iter-004.log output=/home/runner/work/forx/forx/storage/aggregate/lsp/5311ed312eadf4e238324f2726ae0b1f3f2206e6.nq.gz
[2026-04-10T09:38:43Z] [iter=4] Step 1: Loading AST into disk-backed store mem_mb=84 MB
[2026-04-10T09:39:31Z] [iter=4] AST store loaded triples=5072944 load_secs=45 mem_mb=1046 MB
[2026-04-10T09:39:31Z] [iter=4] Step 2: Finding LSP targets mem_mb=1046 MB
[2026-04-10T09:39:34Z] [iter=4] LSP targets found call_sites=22746 imports=5095 extends=420 implements=14 secs=4
[2026-04-10T09:39:39Z] [iter=4] Loaded checkpoint partial graph triples=99630
[2026-04-10T09:39:41Z] [iter=4] Step 2.7: Building position index (one-shot, shared across resolvers) mem_mb=1046 MB
[2026-04-10T09:40:14Z] [iter=4] Position index built positions=373916 nodes_with_types=409894 secs=32 mem_mb=1285 MB
[2026-04-10T09:40:14Z] [iter=4] Step 3: Starting LSP resolution mem_mb=1285 MB already_completed_types=['call_site'] already_completed_files=1132
[2026-04-10T09:40:14Z] [iter=4] Skipping target type (completed in previous iteration) target_type=call_site
[2026-04-10T09:40:14Z] [iter=4] Resolving target type target_type=import_statement count=5095
[2026-04-10T09:40:14Z] [iter=4] HEARTBEAT target_type=import_statement elapsed_min=2.0 files_done=0 resolved=0 errors=0 current=packages/eslint-plugin/src/util/isHigherPrecedenceThanAwait.ts
[2026-04-10T09:40:28Z] [iter=4] Target type resolved target_type=import_statement resolved=282 errors=0 secs=14 mem_mb=1288 MB
[2026-04-10T09:40:28Z] [iter=4] Resolving target type target_type=extends_clause count=420
[2026-04-10T09:40:32Z] [iter=4] Target type resolved target_type=extends_clause resolved=115 errors=0 secs=4 mem_mb=1288 MB
[2026-04-10T09:40:32Z] [iter=4] Resolving target type target_type=implements_clause count=14
[2026-04-10T09:40:33Z] [iter=4] Target type resolved target_type=implements_clause resolved=6 errors=0 secs=2 mem_mb=1289 MB
[2026-04-10T09:41:06Z] [iter=4] Step 5: Writing final enrichment file triples=481008
[2026-04-10T09:41:18Z] [iter=4] Enrichment file written path=/home/runner/work/forx/forx/storage/aggregate/lsp/5311ed312eadf4e238324f2726ae0b1f3f2206e6.nq.gz size_kb=12765
[2026-04-10T09:41:18Z] [iter=4] Checkpoint cleared (enrichment complete)
[2026-04-10T09:41:18Z] [iter=4] PHASE END: enrich elapsed_s=186 elapsed_min=3.1 total_triples=481008
