[2026-04-10T05:49:21Z] === ENRICH ITERATION 2 START | repo=typescript-eslint/typescript-eslint sha=5311ed31 ===
[2026-04-10T05:49:21Z] [iter=2] PHASE START: enrich repo=typescript-eslint/typescript-eslint sha=5311ed31 runlog=/home/runner/work/forx/forx/storage/aggregate/lsp/logs/5311ed31-enrich-iter-002.log output=/home/runner/work/forx/forx/storage/aggregate/lsp/5311ed312eadf4e238324f2726ae0b1f3f2206e6.nq.gz
[2026-04-10T05:49:56Z] [iter=2] Step 1: Loading AST into disk-backed store mem_mb=84 MB
[2026-04-10T05:50:49Z] [iter=2] AST store loaded triples=5072944 load_secs=51 mem_mb=1063 MB
[2026-04-10T05:50:49Z] [iter=2] Step 2: Finding LSP targets mem_mb=1063 MB
[2026-04-10T05:50:52Z] [iter=2] LSP targets found call_sites=22746 imports=5095 extends=420 implements=14 secs=3
[2026-04-10T05:50:54Z] [iter=2] Loaded checkpoint partial graph triples=48911
[2026-04-10T05:50:57Z] [iter=2] Step 2.7: Building position index (one-shot, shared across resolvers) mem_mb=1063 MB
[2026-04-10T05:51:28Z] [iter=2] Position index built positions=373916 nodes_with_types=409894 secs=31 mem_mb=1133 MB
[2026-04-10T05:51:28Z] [iter=2] Step 3: Starting LSP resolution mem_mb=1133 MB already_completed_types=[] already_completed_files=132
[2026-04-10T05:51:28Z] [iter=2] Resolving target type target_type=call_site count=22746
[2026-04-10T05:51:28Z] [iter=2] HEARTBEAT target_type=call_site elapsed_min=2.1 files_done=0 resolved=0 errors=0 current=packages/ast-spec/tests/fixtures.test.ts
[2026-04-10T05:53:36Z] [iter=2] HEARTBEAT target_type=call_site elapsed_min=4.2 files_done=1 resolved=6 errors=72 current=packages/eslint-plugin/src/rules/no-unnecessary-qualifier.ts
[2026-04-10T05:54:35Z] [iter=2] HEARTBEAT target_type=call_site elapsed_min=5.2 files_done=2 resolved=6 errors=105 current=tools/scripts/generate-lib.mts
[2026-04-10T05:56:21Z] [iter=2] HEARTBEAT target_type=call_site elapsed_min=7.0 files_done=3 resolved=10 errors=166 current=packages/type-utils/src/typeOrValueSpecifiers/typeDeclaredInPackageDeclarationFile.ts
[2026-04-10T05:56:59Z] [iter=2] HEARTBEAT target_type=call_site elapsed_min=7.6 files_done=5 resolved=10 errors=187 current=packages/website/src/components/config/ConfigEslint.tsx
[2026-04-10T05:57:29Z] [iter=2] HEARTBEAT target_type=call_site elapsed_min=8.1 files_done=6 resolved=10 errors=204 current=packages/eslint-plugin/src/util/collectUnusedVariables.ts
[2026-04-10T05:59:56Z] [iter=2] HEARTBEAT target_type=call_site elapsed_min=10.6 files_done=7 resolved=10 errors=288 current=packages/utils/tests/eslint-utils/RuleCreator.test.ts
[2026-04-10T06:00:49Z] [iter=2] HEARTBEAT target_type=call_site elapsed_min=11.5 files_done=9 resolved=13 errors=318 current=packages/eslint-plugin/src/util/scopeUtils.ts
[2026-04-10T06:03:51Z] [iter=2] HEARTBEAT target_type=call_site elapsed_min=14.5 files_done=11 resolved=13 errors=422 current=packages/eslint-plugin/src/rules/switch-exhaustiveness-check.ts
[2026-04-10T06:05:51Z] [iter=2] HEARTBEAT target_type=call_site elapsed_min=16.5 files_done=12 resolved=13 errors=491 current=packages/eslint-plugin/src/rules/no-dupe-class-members.ts
[2026-04-10T06:07:03Z] [iter=2] HEARTBEAT target_type=call_site elapsed_min=17.7 files_done=15 resolved=23 errors=532 current=packages/typescript-estree/tests/test-utils/test-utils.ts
[2026-04-10T06:07:50Z] [iter=2] HEARTBEAT target_type=call_site elapsed_min=18.5 files_done=17 resolved=26 errors=559 current=packages/eslint-plugin/src/rules/prefer-for-of.ts
[2026-04-10T06:08:31Z] [iter=2] HEARTBEAT target_type=call_site elapsed_min=19.2 files_done=18 resolved=26 errors=582 current=packages/eslint-plugin-internal/tests/rules/plugin-test-formatting.test.ts
[2026-04-10T06:10:18Z] [iter=2] HEARTBEAT target_type=call_site elapsed_min=20.9 files_done=19 resolved=26 errors=643 current=packages/type-utils/src/predicates.ts
[2026-04-10T06:10:54Z] [iter=2] HEARTBEAT target_type=call_site elapsed_min=21.6 files_done=20 resolved=26 errors=664 current=packages/eslint-plugin/src/rules/no-floating-promises.ts
[2026-04-10T06:13:03Z] [iter=2] HEARTBEAT target_type=call_site elapsed_min=23.7 files_done=21 resolved=26 errors=738 current=packages/website/src/components/editor/LoadedEditor.tsx
[2026-04-10T06:17:18Z] [iter=2] HEARTBEAT target_type=call_site elapsed_min=27.9 files_done=22 resolved=29 errors=884 current=tools/scripts/generate-configs.mts
[2026-04-10T06:19:10Z] [iter=2] HEARTBEAT target_type=call_site elapsed_min=29.8 files_done=23 resolved=42 errors=948 current=packages/eslint-plugin/src/rules/naming-convention-utils/validator.ts
[2026-04-10T06:21:26Z] [iter=2] HEARTBEAT target_type=call_site elapsed_min=32.1 files_done=24 resolved=42 errors=1026 current=packages/eslint-plugin/tools/generate-breaking-changes.mts
[2026-04-10T06:22:10Z] [iter=2] HEARTBEAT target_type=call_site elapsed_min=32.8 files_done=26 resolved=47 errors=1051 current=packages/eslint-plugin/tests/rules/ban-ts-comment.test.ts
[2026-04-10T06:24:14Z] [iter=2] HEARTBEAT target_type=call_site elapsed_min=34.9 files_done=29 resolved=47 errors=1122 current=packages/scope-manager/tests/fixtures/call-expression/type-parameters2.ts
[2026-04-10T06:25:48Z] [iter=2] HEARTBEAT target_type=call_site elapsed_min=36.4 files_done=31 resolved=48 errors=1176 current=packages/parser/tests/lib/parser.test.ts
[2026-04-10T06:26:21Z] [iter=2] HEARTBEAT target_type=call_site elapsed_min=37.0 files_done=32 resolved=48 errors=1195 current=packages/ast-spec/src/legacy-fixtures/errorRecovery/fixtures/_error_/decorator-on-variable/fixture.ts
[2026-04-10T06:27:58Z] [iter=2] HEARTBEAT target_type=call_site elapsed_min=38.6 files_done=36 resolved=51 errors=1250 current=packages/scope-manager/tests/eslint-scope/es6-rest-args.test.ts
[2026-04-10T06:32:29Z] [iter=2] HEARTBEAT target_type=call_site elapsed_min=43.1 files_done=38 resolved=51 errors=1405 current=packages/rule-schema-to-typescript-types/src/generateUnionType.ts
[2026-04-10T06:33:04Z] [iter=2] HEARTBEAT target_type=call_site elapsed_min=43.7 files_done=40 resolved=52 errors=1425 current=packages/eslint-plugin/src/rules/no-magic-numbers.ts
[2026-04-10T06:33:39Z] [iter=2] HEARTBEAT target_type=call_site elapsed_min=44.3 files_done=41 resolved=54 errors=1445 current=tools/release/release.mts
[2026-04-10T06:34:42Z] [iter=2] HEARTBEAT target_type=call_site elapsed_min=45.3 files_done=43 resolved=56 errors=1481 current=packages/type-utils/src/propertyTypes.ts
[2026-04-10T06:35:18Z] [iter=2] HEARTBEAT target_type=call_site elapsed_min=46.0 files_done=46 resolved=56 errors=1502 current=packages/rule-tester/src/utils/validationHelpers.ts
[2026-04-10T06:36:34Z] [iter=2] HEARTBEAT target_type=call_site elapsed_min=47.2 files_done=48 resolved=65 errors=1545 current=packages/eslint-plugin/src/util/isArrayMethodCallWithPredicate.ts
[2026-04-10T06:38:41Z] [iter=2] HEARTBEAT target_type=call_site elapsed_min=49.3 files_done=51 resolved=80 errors=1617 current=packages/eslint-plugin/src/rules/no-misused-spread.ts
[2026-04-10T06:40:36Z] [iter=2] HEARTBEAT target_type=call_site elapsed_min=51.2 files_done=52 resolved=80 errors=1683 current=packages/eslint-plugin/src/rules/no-unsafe-enum-comparison.ts
[2026-04-10T06:41:53Z] [iter=2] HEARTBEAT target_type=call_site elapsed_min=52.5 files_done=53 resolved=80 errors=1727 current=packages/eslint-plugin/src/rules/prefer-find.ts
[2026-04-10T06:43:05Z] [iter=2] HEARTBEAT target_type=call_site elapsed_min=53.7 files_done=54 resolved=84 errors=1768 current=packages/eslint-plugin/src/rules/unbound-method.ts
[2026-04-10T06:44:11Z] [iter=2] HEARTBEAT target_type=call_site elapsed_min=54.8 files_done=55 resolved=87 errors=1806 current=packages/eslint-plugin/src/rules/class-literal-property-style.ts
[2026-04-10T06:45:00Z] [iter=2] HEARTBEAT target_type=call_site elapsed_min=55.7 files_done=56 resolved=87 errors=1834 current=packages/eslint-plugin/src/configs/flat/recommended-type-checked-only.ts
[2026-04-10T06:45:35Z] [iter=2] HEARTBEAT target_type=call_site elapsed_min=56.2 files_done=59 resolved=87 errors=1854 current=packages/eslint-plugin/tests/areOptionsValid.ts
[2026-04-10T06:48:35Z] [iter=2] HEARTBEAT target_type=call_site elapsed_min=59.2 files_done=63 resolved=87 errors=1957 current=packages/website/src/theme/MDXComponents/RuleAttributes.tsx
[2026-04-10T06:50:54Z] [iter=2] HEARTBEAT target_type=call_site elapsed_min=61.6 files_done=67 resolved=89 errors=2037 current=packages/type-utils/tests/builtinSymbolLikes.test.ts
[2026-04-10T06:51:56Z] [iter=2] HEARTBEAT target_type=call_site elapsed_min=62.6 files_done=68 resolved=89 errors=2072 current=packages/eslint-plugin/tests/rules/prefer-optional-chain/base-cases.ts
[2026-04-10T06:53:11Z] [iter=2] HEARTBEAT target_type=call_site elapsed_min=63.8 files_done=72 resolved=89 errors=2115 current=packages/type-utils/src/builtinSymbolLikes.ts
[2026-04-10T06:54:08Z] [iter=2] HEARTBEAT target_type=call_site elapsed_min=64.8 files_done=73 resolved=90 errors=2148 current=packages/eslint-plugin/src/util/promiseUtils.ts
[2026-04-10T06:55:24Z] [iter=2] HEARTBEAT target_type=call_site elapsed_min=66.0 files_done=77 resolved=91 errors=2191 current=packages/website/src/components/editor/loadSandbox.ts
[2026-04-10T06:56:44Z] [iter=2] HEARTBEAT target_type=call_site elapsed_min=67.4 files_done=79 resolved=96 errors=2237 current=packages/rule-tester/tests/flat-config-schema.test.ts
[2026-04-10T06:57:26Z] [iter=2] HEARTBEAT target_type=call_site elapsed_min=68.1 files_done=80 resolved=100 errors=2261 current=packages/eslint-plugin/src/rules/no-unsafe-return.ts
[2026-04-10T06:58:37Z] [iter=2] HEARTBEAT target_type=call_site elapsed_min=69.3 files_done=81 resolved=100 errors=2302 current=packages/types/tools/copy-ast-spec.mts
[2026-04-10T06:59:17Z] [iter=2] HEARTBEAT target_type=call_site elapsed_min=69.9 files_done=82 resolved=100 errors=2325 current=packages/integration-tests/tools/pack-packages.ts
[2026-04-10T07:00:41Z] [iter=2] HEARTBEAT target_type=call_site elapsed_min=71.3 files_done=83 resolved=106 errors=2373 current=packages/eslint-plugin/src/rules/no-explicit-any.ts
[2026-04-10T07:01:12Z] [iter=2] HEARTBEAT target_type=call_site elapsed_min=71.9 files_done=84 resolved=106 errors=2391 current=packages/eslint-plugin/tests/rules/await-thenable.test.ts
[2026-04-10T07:02:01Z] [iter=2] HEARTBEAT target_type=call_site elapsed_min=72.7 files_done=86 resolved=106 errors=2419 current=packages/project-service/tests/getParsedConfigFileFromTSServer.test.ts
[2026-04-10T07:03:11Z] [iter=2] HEARTBEAT target_type=call_site elapsed_min=73.8 files_done=89 resolved=109 errors=2459 current=packages/eslint-plugin/tests/rules/no-unused-vars/no-unused-vars.test.ts
[2026-04-10T07:03:58Z] [iter=2] HEARTBEAT target_type=call_site elapsed_min=74.6 files_done=92 resolved=112 errors=2486 current=packages/typescript-estree/src/create-program/shared.ts
[2026-04-10T07:04:30Z] [iter=2] HEARTBEAT target_type=call_site elapsed_min=75.1 files_done=94 resolved=112 errors=2504 current=packages/scope-manager/tests/fixtures.test.ts
[2026-04-10T07:05:22Z] [iter=2] HEARTBEAT target_type=call_site elapsed_min=76.0 files_done=95 resolved=114 errors=2534 current=packages/rule-tester/src/TestFramework.ts
[2026-04-10T07:06:01Z] [iter=2] HEARTBEAT target_type=call_site elapsed_min=76.7 files_done=97 resolved=114 errors=2556 current=packages/eslint-plugin/src/rules/default-param-last.ts
[2026-04-10T07:09:19Z] [iter=2] HEARTBEAT target_type=call_site elapsed_min=80.0 files_done=99 resolved=119 errors=2670 current=packages/eslint-plugin/src/rules/consistent-type-assertions.ts
[2026-04-10T07:10:36Z] [iter=2] HEARTBEAT target_type=call_site elapsed_min=81.2 files_done=100 resolved=119 errors=2714 current=packages/eslint-plugin/tests/rules/array-type.test.ts
[2026-04-10T07:11:28Z] [iter=2] HEARTBEAT target_type=call_site elapsed_min=82.1 files_done=101 resolved=119 errors=2744 current=packages/eslint-plugin/src/rules/no-require-imports.ts
[2026-04-10T07:13:17Z] [iter=2] HEARTBEAT target_type=call_site elapsed_min=83.9 files_done=105 resolved=124 errors=2806 current=packages/scope-manager/tests/test-utils/misc.ts
[2026-04-10T07:17:54Z] [iter=2] HEARTBEAT target_type=call_site elapsed_min=88.5 files_done=107 resolved=125 errors=2965 current=packages/visitor-keys/tests/visitor-keys.test.ts
[2026-04-10T07:19:31Z] [iter=2] HEARTBEAT target_type=call_site elapsed_min=90.2 files_done=110 resolved=129 errors=3020 current=packages/rule-schema-to-typescript-types/src/index.ts
[2026-04-10T07:20:02Z] [iter=2] HEARTBEAT target_type=call_site elapsed_min=90.7 files_done=112 resolved=130 errors=3038 current=packages/website/src/components/ast/PropertyValue.tsx
[2026-04-10T07:20:47Z] [iter=2] HEARTBEAT target_type=call_site elapsed_min=91.4 files_done=115 resolved=139 errors=3064 current=packages/scope-manager/tests/eslint-scope/es6-arrow-function-expression.test.ts
[2026-04-10T07:21:38Z] [iter=2] HEARTBEAT target_type=call_site elapsed_min=92.3 files_done=118 resolved=140 errors=3093 current=packages/eslint-plugin/tests/rules/prefer-nullish-coalescing.test.ts
[2026-04-10T07:23:28Z] [iter=2] HEARTBEAT target_type=call_site elapsed_min=94.1 files_done=119 resolved=140 errors=3156 current=packages/eslint-plugin/src/rules/no-var-requires.ts
[2026-04-10T07:24:01Z] [iter=2] HEARTBEAT target_type=call_site elapsed_min=94.7 files_done=122 resolved=140 errors=3175 current=packages/website/plugins/generated-rule-docs/index.ts
[2026-04-10T07:24:59Z] [iter=2] HEARTBEAT target_type=call_site elapsed_min=95.6 files_done=125 resolved=140 errors=3208 current=packages/website/src/components/linter/bridge.ts
[2026-04-10T07:25:48Z] [iter=2] HEARTBEAT target_type=call_site elapsed_min=96.4 files_done=126 resolved=140 errors=3236 current=packages/website/plugins/recent-blog-posts/index.ts
[2026-04-10T07:28:32Z] [iter=2] HEARTBEAT target_type=call_site elapsed_min=99.2 files_done=128 resolved=143 errors=3330 current=packages/parser/tests/test-utils/test-utils.ts
[2026-04-10T07:29:52Z] [iter=2] HEARTBEAT target_type=call_site elapsed_min=100.5 files_done=131 resolved=156 errors=3376 current=packages/eslint-plugin/src/rules/no-namespace.ts
[2026-04-10T07:30:36Z] [iter=2] HEARTBEAT target_type=call_site elapsed_min=101.2 files_done=135 resolved=159 errors=3401 current=packages/scope-manager/tests/test-utils/getSpecificNode.ts
[2026-04-10T07:32:01Z] [iter=2] HEARTBEAT target_type=call_site elapsed_min=102.7 files_done=138 resolved=162 errors=3450 current=packages/eslint-plugin/tests/rules/dot-notation.test.ts
[2026-04-10T07:32:38Z] [iter=2] HEARTBEAT target_type=call_site elapsed_min=103.3 files_done=140 resolved=164 errors=3471 current=packages/utils/src/ast-utils/predicates.ts
[2026-04-10T07:33:15Z] [iter=2] HEARTBEAT target_type=call_site elapsed_min=103.9 files_done=141 resolved=164 errors=3492 current=packages/website/src/components/lib/createEventsBinder.ts
[2026-04-10T07:34:28Z] [iter=2] HEARTBEAT target_type=call_site elapsed_min=105.1 files_done=143 resolved=169 errors=3534 current=packages/eslint-plugin/src/util/truthinessUtils.ts
[2026-04-10T07:35:42Z] [iter=2] HEARTBEAT target_type=call_site elapsed_min=106.3 files_done=145 resolved=169 errors=3576 current=packages/eslint-plugin/src/rules/ban-tslint-comment.ts
[2026-04-10T07:36:22Z] [iter=2] HEARTBEAT target_type=call_site elapsed_min=107.0 files_done=147 resolved=169 errors=3599 current=packages/tsconfig-utils/tests/getParsedConfigFile.test.ts
[2026-04-10T07:37:32Z] [iter=2] HEARTBEAT target_type=call_site elapsed_min=108.2 files_done=149 resolved=169 errors=3639 current=packages/eslint-plugin/src/rules/method-signature-style.ts
[2026-04-10T07:38:50Z] [iter=2] HEARTBEAT target_type=call_site elapsed_min=109.5 files_done=150 resolved=169 errors=3684 current=packages/eslint-plugin/src/rules/no-mixed-enums.ts
[2026-04-10T07:39:41Z] [iter=2] HEARTBEAT target_type=call_site elapsed_min=110.3 files_done=151 resolved=169 errors=3713 current=packages/eslint-plugin/src/rules/naming-convention-utils/schema.ts
[2026-04-10T07:40:40Z] [iter=2] HEARTBEAT target_type=call_site elapsed_min=111.3 files_done=152 resolved=169 errors=3747 current=packages/eslint-plugin/tests/util/getConstraintInfo.test.ts
[2026-04-10T07:41:50Z] [iter=2] HEARTBEAT target_type=call_site elapsed_min=112.5 files_done=153 resolved=169 errors=3787 current=packages/eslint-plugin/src/rules/explicit-function-return-type.ts
[2026-04-10T07:42:23Z] [iter=2] HEARTBEAT target_type=call_site elapsed_min=113.0 files_done=154 resolved=169 errors=3806 current=packages/type-utils/tests/getTypeName.test.ts
[2026-04-10T07:43:31Z] [iter=2] HEARTBEAT target_type=call_site elapsed_min=114.2 files_done=157 resolved=172 errors=3845 current=packages/eslint-plugin/src/rules/no-unsafe-type-assertion.ts
[2026-04-10T07:44:23Z] [iter=2] HEARTBEAT target_type=call_site elapsed_min=115.0 files_done=158 resolved=172 errors=3875 current=packages/eslint-plugin/src/rules/no-redeclare.ts
[2026-04-10T07:45:03Z] [iter=2] HEARTBEAT target_type=call_site elapsed_min=115.7 files_done=159 resolved=172 errors=3898 current=packages/eslint-plugin/src/rules/no-use-before-define.ts
[2026-04-10T07:45:49Z] [iter=2] HEARTBEAT target_type=call_site elapsed_min=116.5 files_done=160 resolved=172 errors=3924 current=packages/eslint-plugin-internal/tests/rules/prefer-tsutils-methods.test.ts
[2026-04-10T07:46:32Z] [iter=2] HEARTBEAT target_type=call_site elapsed_min=117.2 files_done=162 resolved=175 errors=3949 current=packages/website/plugins/generated-rule-docs/insertions/insertRuleOptions.ts
[2026-04-10T07:47:43Z] [iter=2] HEARTBEAT target_type=call_site elapsed_min=118.4 files_done=165 resolved=178 errors=3990 current=packages/eslint-plugin-internal/src/rules/prefer-tsutils-methods.ts
[2026-04-10T07:48:15Z] [iter=2] HEARTBEAT target_type=call_site elapsed_min=118.9 files_done=167 resolved=180 errors=4008 current=packages/eslint-plugin/tests/eslint-rules/strict.test.ts
[2026-04-10T07:50:13Z] [iter=2] HEARTBEAT target_type=call_site elapsed_min=120.9 files_done=171 resolved=181 errors=4076 current=packages/eslint-plugin/tests/rules/parameter-properties.test.ts
[2026-04-10T07:51:02Z] [iter=2] HEARTBEAT target_type=call_site elapsed_min=121.7 files_done=173 resolved=181 errors=4104 current=packages/parser/src/parser.ts
[2026-04-10T07:51:35Z] [iter=2] HEARTBEAT target_type=call_site elapsed_min=122.2 files_done=174 resolved=181 errors=4123 current=packages/eslint-plugin/src/rules/prefer-function-type.ts
[2026-04-10T07:52:19Z] [iter=2] HEARTBEAT target_type=call_site elapsed_min=123.0 files_done=175 resolved=181 errors=4148 current=packages/typescript-estree/src/create-program/createSourceFile.ts
[2026-04-10T07:53:30Z] [iter=2] HEARTBEAT target_type=call_site elapsed_min=124.2 files_done=177 resolved=181 errors=4189 current=packages/parser/tests/test-utils/ts-error-serializer.ts
[2026-04-10T07:55:27Z] [iter=2] HEARTBEAT target_type=call_site elapsed_min=126.1 files_done=179 resolved=181 errors=4256 current=packages/scope-manager/src/scope/ModuleScope.ts
[2026-04-10T07:56:00Z] [iter=2] HEARTBEAT target_type=call_site elapsed_min=126.7 files_done=182 resolved=182 errors=4275 current=packages/typescript-estree/src/parser.ts
[2026-04-10T07:56:40Z] [iter=2] HEARTBEAT target_type=call_site elapsed_min=127.3 files_done=183 resolved=182 errors=4298 current=packages/parser/tests/lib/tsx.test.ts
[2026-04-10T07:57:35Z] [iter=2] HEARTBEAT target_type=call_site elapsed_min=128.2 files_done=186 resolved=182 errors=4329 current=packages/typescript-eslint/src/index.ts
[2026-04-10T07:58:39Z] [iter=2] HEARTBEAT target_type=call_site elapsed_min=129.3 files_done=188 resolved=186 errors=4366 current=packages/project-service/src/createProjectService.ts
[2026-04-10T07:59:33Z] [iter=2] HEARTBEAT target_type=call_site elapsed_min=130.2 files_done=190 resolved=186 errors=4397 current=packages/website/src/components/ErrorsViewer.tsx
[2026-04-10T08:00:10Z] [iter=2] HEARTBEAT target_type=call_site elapsed_min=130.8 files_done=193 resolved=186 errors=4418 current=packages/eslint-plugin/src/rules/no-unsafe-function-type.ts
[2026-04-10T08:01:06Z] [iter=2] HEARTBEAT target_type=call_site elapsed_min=131.7 files_done=195 resolved=187 errors=4450 current=packages/website/plugins/generated-rule-docs/insertions/insertBaseRuleReferences.ts
[2026-04-10T08:02:11Z] [iter=2] HEARTBEAT target_type=call_site elapsed_min=132.8 files_done=198 resolved=187 errors=4487 current=packages/utils/src/eslint-utils/getParserServices.ts
[2026-04-10T08:02:48Z] [iter=2] HEARTBEAT target_type=call_site elapsed_min=133.4 files_done=200 resolved=187 errors=4508 current=packages/eslint-plugin/tests/rules/no-use-before-define.test.ts
[2026-04-10T08:03:37Z] [iter=2] HEARTBEAT target_type=call_site elapsed_min=134.3 files_done=202 resolved=188 errors=4536 current=packages/eslint-plugin/src/rules/no-shadow.ts
[2026-04-10T08:05:08Z] [iter=2] HEARTBEAT target_type=call_site elapsed_min=135.8 files_done=203 resolved=188 errors=4588 current=packages/eslint-plugin/src/rules/prefer-readonly-parameter-types.ts
[2026-04-10T08:05:50Z] [iter=2] HEARTBEAT target_type=call_site elapsed_min=136.5 files_done=205 resolved=188 errors=4612 current=packages/scope-manager/tests/eslint-scope/implied-strict.test.ts
[2026-04-10T08:06:46Z] [iter=2] HEARTBEAT target_type=call_site elapsed_min=137.4 files_done=207 resolved=188 errors=4644 current=packages/typescript-estree/tests/lib/node-utils.test.ts
[2026-04-10T08:07:17Z] [iter=2] HEARTBEAT target_type=call_site elapsed_min=137.9 files_done=208 resolved=188 errors=4662 current=packages/eslint-plugin/src/rules/no-unnecessary-type-constraint.ts
[2026-04-10T08:07:49Z] [iter=2] HEARTBEAT target_type=call_site elapsed_min=138.5 files_done=210 resolved=188 errors=4680 current=packages/utils/tests/ts-eslint/ESLint.test.ts
[2026-04-10T08:08:44Z] [iter=2] HEARTBEAT target_type=call_site elapsed_min=139.4 files_done=214 resolved=191 errors=4712 current=packages/eslint-plugin/src/util/assertionFunctionUtils.ts
[2026-04-10T08:09:59Z] [iter=2] HEARTBEAT target_type=call_site elapsed_min=140.6 files_done=217 resolved=193 errors=4755 current=packages/eslint-plugin/tests/eslint-rules/prefer-const.test.ts
[2026-04-10T08:10:38Z] [iter=2] HEARTBEAT target_type=call_site elapsed_min=141.3 files_done=220 resolved=193 errors=4777 current=packages/eslint-plugin/tests/rules/no-useless-default-assignment.test.ts
[2026-04-10T08:12:02Z] [iter=2] HEARTBEAT target_type=call_site elapsed_min=142.7 files_done=223 resolved=193 errors=4825 current=packages/integration-tests/tools/integration-test-base.ts
[2026-04-10T08:12:44Z] [iter=2] HEARTBEAT target_type=call_site elapsed_min=143.4 files_done=226 resolved=198 errors=4849 current=packages/rule-schema-to-typescript-types/src/generateType.ts
[2026-04-10T08:13:36Z] [iter=2] HEARTBEAT target_type=call_site elapsed_min=144.2 files_done=228 resolved=203 errors=4879 current=packages/eslint-plugin/src/util/astUtils.ts
[2026-04-10T08:14:37Z] [iter=2] HEARTBEAT target_type=call_site elapsed_min=145.3 files_done=231 resolved=214 errors=4914 current=packages/eslint-plugin/tests/rules/member-ordering/member-ordering-alphabetically-order.test.ts
[2026-04-10T08:16:30Z] [iter=2] HEARTBEAT target_type=call_site elapsed_min=147.1 files_done=235 resolved=220 errors=4978 current=packages/scope-manager/tests/eslint-scope/arguments.test.ts
[2026-04-10T08:17:49Z] [iter=2] HEARTBEAT target_type=call_site elapsed_min=148.5 files_done=240 resolved=224 errors=5023 current=packages/eslint-plugin/src/util/explicitReturnTypeUtils.ts
[2026-04-10T08:18:33Z] [iter=2] HEARTBEAT target_type=call_site elapsed_min=149.2 files_done=241 resolved=224 errors=5048 current=packages/eslint-plugin/src/rules/no-type-alias.ts
[2026-04-10T08:19:24Z] [iter=2] HEARTBEAT target_type=call_site elapsed_min=150.0 files_done=242 resolved=224 errors=5077 current=packages/typescript-estree/src/source-files.ts
[2026-04-10T08:20:22Z] [iter=2] HEARTBEAT target_type=call_site elapsed_min=151.0 files_done=248 resolved=234 errors=5110 current=packages/scope-manager/src/scope/WithScope.ts
[2026-04-10T08:20:57Z] [iter=2] HEARTBEAT target_type=call_site elapsed_min=151.6 files_done=251 resolved=234 errors=5130 current=packages/type-utils/src/typeOrValueSpecifiers/typeDeclaredInFile.ts
[2026-04-10T08:21:42Z] [iter=2] HEARTBEAT target_type=call_site elapsed_min=152.3 files_done=254 resolved=235 errors=5156 current=packages/eslint-plugin/src/rules/no-non-null-assertion.ts
[2026-04-10T08:22:20Z] [iter=2] HEARTBEAT target_type=call_site elapsed_min=153.0 files_done=255 resolved=235 errors=5178 current=packages/typescript-estree/src/version.ts
[2026-04-10T08:22:54Z] [iter=2] HEARTBEAT target_type=call_site elapsed_min=153.5 files_done=261 resolved=238 errors=5197 current=packages/eslint-plugin/src/rules/prefer-return-this-type.ts
[2026-04-10T08:23:27Z] [iter=2] HEARTBEAT target_type=call_site elapsed_min=154.1 files_done=262 resolved=238 errors=5216 current=packages/eslint-plugin/src/util/getValueOfLiteralType.ts
[2026-04-10T08:23:58Z] [iter=2] HEARTBEAT target_type=call_site elapsed_min=154.6 files_done=265 resolved=239 errors=5234 current=packages/eslint-plugin-internal/src/rules/no-relative-paths-to-internal-packages.ts
[2026-04-10T08:24:30Z] [iter=2] HEARTBEAT target_type=call_site elapsed_min=155.1 files_done=266 resolved=239 errors=5252 current=packages/type-utils/tests/isSymbolFromDefaultLibrary.test.ts
[2026-04-10T08:25:04Z] [iter=2] HEARTBEAT target_type=call_site elapsed_min=155.7 files_done=269 resolved=242 errors=5272 current=packages/scope-manager/tests/test-utils/parse.ts
[2026-04-10T08:25:52Z] [iter=2] HEARTBEAT target_type=call_site elapsed_min=156.5 files_done=271 resolved=243 errors=5299 current=packages/website/src/components/lib/json.ts
[2026-04-10T08:26:28Z] [iter=2] HEARTBEAT target_type=call_site elapsed_min=157.1 files_done=274 resolved=245 errors=5320 current=packages/website/src/components/ast/HiddenItem.tsx
[2026-04-10T08:27:03Z] [iter=2] HEARTBEAT target_type=call_site elapsed_min=157.7 files_done=276 resolved=247 errors=5340 current=packages/eslint-plugin/tests/rules/no-non-null-asserted-optional-chain.test.ts
[2026-04-10T08:27:45Z] [iter=2] HEARTBEAT target_type=call_site elapsed_min=158.4 files_done=278 resolved=247 errors=5364 current=packages/ast-spec/src/legacy-fixtures/expressions/fixtures/new-expression-type-arguments/fixture.ts
[2026-04-10T08:28:21Z] [iter=2] HEARTBEAT target_type=call_site elapsed_min=159.0 files_done=283 resolved=247 errors=5384 current=packages/eslint-plugin/src/rules/dot-notation.ts
[2026-04-10T08:28:55Z] [iter=2] HEARTBEAT target_type=call_site elapsed_min=159.6 files_done=284 resolved=247 errors=5404 current=packages/eslint-plugin/src/util/hasOverloadSignatures.ts
[2026-04-10T08:29:30Z] [iter=2] HEARTBEAT target_type=call_site elapsed_min=160.2 files_done=287 resolved=251 errors=5424 current=packages/rule-tester/src/utils/deprecation-warnings.ts
[2026-04-10T08:30:45Z] [iter=2] HEARTBEAT target_type=call_site elapsed_min=161.4 files_done=289 resolved=255 errors=5467 current=packages/eslint-plugin/tests/rules/restrict-template-expressions.test.ts
[2026-04-10T08:31:24Z] [iter=2] HEARTBEAT target_type=call_site elapsed_min=162.0 files_done=294 resolved=258 errors=5489 current=packages/website/src/components/lib/parseConfig.ts
[2026-04-10T08:32:14Z] [iter=2] HEARTBEAT target_type=call_site elapsed_min=162.9 files_done=297 resolved=264 errors=5518 current=packages/eslint-plugin/tests/rules/require-await.test.ts
[2026-04-10T08:32:54Z] [iter=2] HEARTBEAT target_type=call_site elapsed_min=163.5 files_done=302 resolved=265 errors=5541 current=packages/typescript-estree/src/semantic-or-syntactic-errors.ts
[2026-04-10T08:33:32Z] [iter=2] HEARTBEAT target_type=call_site elapsed_min=164.2 files_done=307 resolved=265 errors=5563 current=packages/ast-spec/src/declaration/ExportNamedDeclaration/fixtures/_error_/class-expression/fixture.ts
[2026-04-10T08:34:32Z] [iter=2] HEARTBEAT target_type=call_site elapsed_min=165.2 files_done=312 resolved=265 errors=5597 current=packages/eslint-plugin/tests/rules/promise-function-async.test.ts
[2026-04-10T08:35:05Z] [iter=2] HEARTBEAT target_type=call_site elapsed_min=165.7 files_done=320 resolved=270 errors=5616 current=packages/typescript-eslint/tests/type-compatibility.test-d.ts
[2026-04-10T08:36:52Z] [iter=2] HEARTBEAT target_type=call_site elapsed_min=167.5 files_done=324 resolved=278 errors=5677 current=packages/eslint-plugin/tests/rules/explicit-module-boundary-types.test.ts
[2026-04-10T08:37:30Z] [iter=2] HEARTBEAT target_type=call_site elapsed_min=168.1 files_done=329 resolved=278 errors=5699 current=packages/eslint-plugin/tests/eslint-rules/no-undef.test.ts
[2026-04-10T08:38:05Z] [iter=2] HEARTBEAT target_type=call_site elapsed_min=168.7 files_done=331 resolved=278 errors=5719 current=packages/eslint-plugin-internal/tests/rules/no-relative-paths-to-internal-packages.test.ts
[2026-04-10T08:38:40Z] [iter=2] HEARTBEAT target_type=call_site elapsed_min=169.3 files_done=336 resolved=278 errors=5739 current=packages/website/docusaurus.config.mts
[2026-04-10T08:39:13Z] [iter=2] HEARTBEAT target_type=call_site elapsed_min=169.9 files_done=339 resolved=281 errors=5758 current=packages/type-utils/src/requiresQuoting.ts
[2026-04-10T08:40:11Z] [iter=2] HEARTBEAT target_type=call_site elapsed_min=170.8 files_done=343 resolved=287 errors=5791 current=packages/type-utils/src/discriminateAnyType.ts
[2026-04-10T08:40:56Z] [iter=2] HEARTBEAT target_type=call_site elapsed_min=171.6 files_done=346 resolved=287 errors=5817 current=vitest.config.mts
[2026-04-10T08:41:28Z] [iter=2] HEARTBEAT target_type=call_site elapsed_min=172.1 files_done=352 resolved=312 errors=5835 current=packages/eslint-plugin/src/rules/prefer-ts-expect-error.ts
[2026-04-10T08:42:03Z] [iter=2] HEARTBEAT target_type=call_site elapsed_min=172.7 files_done=354 resolved=312 errors=5855 current=packages/scope-manager/tests/eslint-scope/child-visitor-keys.test.ts
[2026-04-10T08:42:50Z] [iter=2] HEARTBEAT target_type=call_site elapsed_min=173.5 files_done=356 resolved=312 errors=5882 current=packages/eslint-plugin/src/util/getFunctionHeadLoc.ts
[2026-04-10T08:43:24Z] [iter=2] HEARTBEAT target_type=call_site elapsed_min=174.1 files_done=357 resolved=312 errors=5902 current=packages/ast-spec/tests/ast-node-types.test-d.ts
[2026-04-10T08:44:17Z] [iter=2] HEARTBEAT target_type=call_site elapsed_min=174.9 files_done=360 resolved=313 errors=5932 current=packages/integration-tests/tests/flat-config-types-@types__eslint-v9.test.ts
[2026-04-10T08:44:57Z] [iter=2] HEARTBEAT target_type=call_site elapsed_min=175.6 files_done=363 resolved=313 errors=5955 current=packages/website/src/components/typeDetails/SimplifiedTreeView.tsx
[2026-04-10T08:45:46Z] [iter=2] HEARTBEAT target_type=call_site elapsed_min=176.4 files_done=367 resolved=313 errors=5983 current=packages/eslint-plugin/src/util/getMemberHeadLoc.ts
[2026-04-10T08:46:38Z] [iter=2] HEARTBEAT target_type=call_site elapsed_min=177.3 files_done=372 resolved=314 errors=6013 current=packages/eslint-plugin/tests/rules/no-unsafe-unary-minus.test.ts
[2026-04-10T08:47:09Z] [iter=2] HEARTBEAT target_type=call_site elapsed_min=177.8 files_done=375 resolved=320 errors=6031 current=packages/eslint-plugin/tests/rules/consistent-generic-constructors.test.ts
[2026-04-10T08:47:41Z] [iter=2] HEARTBEAT target_type=call_site elapsed_min=178.3 files_done=380 resolved=320 errors=6049 current=packages/rule-tester/src/utils/cloneDeeplyExcludesParent.ts
[2026-04-10T08:48:12Z] [iter=2] HEARTBEAT target_type=call_site elapsed_min=178.9 files_done=384 resolved=323 errors=6067 current=packages/ast-spec/tests/util/serialize-error.ts
[2026-04-10T08:48:46Z] [iter=2] HEARTBEAT target_type=call_site elapsed_min=179.4 files_done=387 resolved=323 errors=6086 current=packages/type-utils/src/isUnsafeAssignment.ts
[2026-04-10T08:49:54Z] [iter=2] HEARTBEAT target_type=call_site elapsed_min=180.5 files_done=391 resolved=323 errors=6125 current=packages/eslint-plugin/src/configs/flat/all.ts
[2026-04-10T08:50:59Z] [iter=2] HEARTBEAT target_type=call_site elapsed_min=181.6 files_done=395 resolved=325 errors=6162 current=packages/eslint-plugin/tests/eslint-rules/arrow-parens.test.ts
[2026-04-10T08:51:48Z] [iter=2] HEARTBEAT target_type=call_site elapsed_min=182.4 files_done=399 resolved=328 errors=6190 current=packages/scope-manager/tests/test-utils/serializers/Reference.ts
[2026-04-10T08:52:20Z] [iter=2] HEARTBEAT target_type=call_site elapsed_min=183.0 files_done=405 resolved=330 errors=6208 current=packages/eslint-plugin/tests/rules/no-unsafe-declaration-merging.test.ts
[2026-04-10T08:53:03Z] [iter=2] HEARTBEAT target_type=call_site elapsed_min=183.7 files_done=408 resolved=330 errors=6233 current=packages/eslint-plugin-internal/tests/rules/no-dynamic-tests.test.ts
[2026-04-10T08:53:37Z] [iter=2] HEARTBEAT target_type=call_site elapsed_min=184.3 files_done=412 resolved=330 errors=6252 current=packages/eslint-plugin/tests/rules/no-unnecessary-boolean-literal-compare.test.ts
[2026-04-10T08:54:19Z] [iter=2] HEARTBEAT target_type=call_site elapsed_min=185.0 files_done=416 resolved=330 errors=6276 current=packages/eslint-plugin-internal/src/rules/no-typescript-estree-import.ts
[2026-04-10T08:55:28Z] [iter=2] HEARTBEAT target_type=call_site elapsed_min=186.1 files_done=421 resolved=332 errors=6316 current=packages/eslint-plugin/tests/rules/prefer-for-of.test.ts
[2026-04-10T08:56:01Z] [iter=2] HEARTBEAT target_type=call_site elapsed_min=186.7 files_done=426 resolved=334 errors=6335 current=packages/visitor-keys/vitest.config.mts
[2026-04-10T08:56:33Z] [iter=2] HEARTBEAT target_type=call_site elapsed_min=187.2 files_done=429 resolved=335 errors=6353 current=packages/eslint-plugin/tests/rules/use-unknown-in-catch-callback-variable.test.ts
[2026-04-10T08:57:04Z] [iter=2] HEARTBEAT target_type=call_site elapsed_min=187.7 files_done=431 resolved=335 errors=6371 current=packages/typescript-estree/src/ast-converter.ts
[2026-04-10T08:57:39Z] [iter=2] HEARTBEAT target_type=call_site elapsed_min=188.3 files_done=438 resolved=335 errors=6391 current=packages/eslint-plugin/tests/rules/naming-convention/cases/function.test.ts
[2026-04-10T08:58:11Z] [iter=2] HEARTBEAT target_type=call_site elapsed_min=188.8 files_done=441 resolved=337 errors=6409 current=packages/ast-spec/src/legacy-fixtures/expressions/fixtures/_error_/instantiation-expression/fixture.ts
[2026-04-10T08:58:49Z] [iter=2] HEARTBEAT target_type=call_site elapsed_min=189.5 files_done=447 resolved=341 errors=6431 current=packages/typescript-estree/src/create-program/createIsolatedProgram.ts
[2026-04-10T08:59:42Z] [iter=2] HEARTBEAT target_type=call_site elapsed_min=190.3 files_done=451 resolved=342 errors=6461 current=packages/rule-tester/src/utils/interpolate.ts
[2026-04-10T09:00:15Z] [iter=2] HEARTBEAT target_type=call_site elapsed_min=190.9 files_done=459 resolved=343 errors=6480 current=packages/eslint-plugin/src/rules/no-unsafe-unary-minus.ts
[2026-04-10T09:00:48Z] [iter=2] HEARTBEAT target_type=call_site elapsed_min=191.5 files_done=465 resolved=343 errors=6499 current=packages/eslint-plugin/src/rules/prefer-as-const.ts
[2026-04-10T09:01:22Z] [iter=2] HEARTBEAT target_type=call_site elapsed_min=192.0 files_done=467 resolved=343 errors=6518 current=packages/type-utils/vitest.config.mts
[2026-04-10T09:01:54Z] [iter=2] HEARTBEAT target_type=call_site elapsed_min=192.5 files_done=474 resolved=348 errors=6536 current=packages/utils/src/eslint-utils/applyDefault.ts
[2026-04-10T09:02:29Z] [iter=2] HEARTBEAT target_type=call_site elapsed_min=193.1 files_done=482 resolved=348 errors=6556 current=packages/project-service/src/getParsedConfigFileFromTSServer.ts
[2026-04-10T09:03:07Z] [iter=2] HEARTBEAT target_type=call_site elapsed_min=193.8 files_done=488 resolved=348 errors=6578 current=packages/ast-spec/src/legacy-fixtures/method-decorators/fixtures/method-decorator-factory-static-member/fixture.ts
[2026-04-10T09:03:49Z] [iter=2] HEARTBEAT target_type=call_site elapsed_min=194.5 files_done=491 resolved=348 errors=6602 current=packages/eslint-plugin-internal/vitest.config.mts
[2026-04-10T09:04:19Z] [iter=2] CHECKPOINT TRIGGERED elapsed_min=195.0 files_completed=632 new_files_this_iter=500 mem_mb=1189 MB
[2026-04-10T09:04:19Z] [iter=2] Writing partial enrichment graph path=/home/runner/work/forx/forx/storage/aggregate/lsp/5311ed312eadf4e238324f2726ae0b1f3f2206e6.nq.gz triples=87633
[2026-04-10T09:04:20Z] [iter=2] Checkpoint written, exiting with code 7
[2026-04-10T09:04:20Z] [iter=2] PHASE END: enrich (checkpointed) elapsed_s=11697 elapsed_min=195.0 files_completed=632
